Build started 5/2/2017 5:03:58 PM.
     1>Project "G:\Game Development Stuff\Computer Graphics\Assignemnt03_UI\DM2122_Framework\Application\Application.vcxproj" on node 2 (Build target(s)).
     1>ClCompile:
         D:\Program Files (x86)\Visual Studio 12.0\VC\bin\CL.exe /c /I"G:\Game Development Stuff\Computer Graphics\Assignemnt03_UI\DM2122_Framework\\glew\include" /I"G:\Game Development Stuff\Computer Graphics\Assignemnt03_UI\DM2122_Framework\\glfw\include" /I"G:\Game Development Stuff\Computer Graphics\Assignemnt03_UI\DM2122_Framework\\Common\Source" /Zi /nologo /W3 /WX- /sdl /O2 /Oi /Oy- /GL /D WIN32 /D NDEBUG /D _CONSOLE /D _LIB /D _UNICODE /D UNICODE /Gm- /EHsc /MD /GS /Gy /fp:precise /Zc:wchar_t /Zc:forScope /Fo"Release\\" /Fd"Release\vc120.pdb" /Gd /TP /analyze- /errorReport:prompt Source\Application.cpp Source\Camera3.cpp Source\MeshBuilder.cpp Source\SceneSkybox.cpp
         Application.cpp
         Camera3.cpp
         MeshBuilder.cpp
     1>Source\MeshBuilder.cpp(284): warning C4244: 'argument' : conversion from 'unsigned int' to 'float', possible loss of data
     1>Source\MeshBuilder.cpp(285): warning C4244: 'argument' : conversion from 'unsigned int' to 'float', possible loss of data
     1>Source\MeshBuilder.cpp(287): warning C4244: 'argument' : conversion from 'unsigned int' to 'float', possible loss of data
     1>Source\MeshBuilder.cpp(288): warning C4244: 'argument' : conversion from 'unsigned int' to 'float', possible loss of data
     1>Source\MeshBuilder.cpp(291): warning C4244: 'argument' : conversion from 'unsigned int' to 'float', possible loss of data
     1>Source\MeshBuilder.cpp(292): warning C4244: 'argument' : conversion from 'unsigned int' to 'float', possible loss of data
     1>Source\MeshBuilder.cpp(294): warning C4244: 'argument' : conversion from 'unsigned int' to 'float', possible loss of data
     1>Source\MeshBuilder.cpp(295): warning C4244: 'argument' : conversion from 'unsigned int' to 'float', possible loss of data
         SceneSkybox.cpp
     1>Source\SceneSkybox.cpp(321): warning C4244: '+=' : conversion from 'double' to 'float', possible loss of data
     1>Source\SceneSkybox.cpp(322): warning C4244: 'argument' : conversion from 'double' to 'float', possible loss of data
     1>Source\SceneSkybox.cpp(613): warning C4244: 'argument' : conversion from 'int' to 'float', possible loss of data
       Link:
         D:\Program Files (x86)\Visual Studio 12.0\VC\bin\link.exe /ERRORREPORT:PROMPT /OUT:"G:\Game Development Stuff\Computer Graphics\Assignemnt03_UI\DM2122_Framework\Release\Application.exe" /INCREMENTAL:NO /NOLOGO /LIBPATH:"G:\Game Development Stuff\Computer Graphics\Assignemnt03_UI\DM2122_Framework\\glew\lib" /LIBPATH:"G:\Game Development Stuff\Computer Graphics\Assignemnt03_UI\DM2122_Framework\\glfw\lib-msvc120" /LIBPATH:"G:\Game Development Stuff\Computer Graphics\Assignemnt03_UI\DM2122_Framework\Release" glew32.lib glfw3.lib opengl32.lib winmm.lib Common.lib kernel32.lib user32.lib gdi32.lib winspool.lib comdlg32.lib advapi32.lib shell32.lib ole32.lib oleaut32.lib uuid.lib odbc32.lib odbccp32.lib /MANIFEST /MANIFESTUAC:"level='asInvoker' uiAccess='false'" /manifest:embed /DEBUG /PDB:"G:\Game Development Stuff\Computer Graphics\Assignemnt03_UI\DM2122_Framework\Release\Application.pdb" /SUBSYSTEM:CONSOLE /OPT:REF /OPT:ICF /LTCG /TLBID:1 /DYNAMICBASE /NXCOMPAT /IMPLIB:"G:\Game Development Stuff\Computer Graphics\Assignemnt03_UI\DM2122_Framework\Release\Application.lib" /MACHINE:X86 /SAFESEH Release\Application.obj
         Release\Camera.obj
         Release\Camera2.obj
         Release\Camera3.obj
         Release\LoadOBJ.obj
         Release\LoadTGA.obj
         Release\main.obj
         Release\Mesh.obj
         Release\MeshBuilder.obj
         Release\SceneSkybox.obj
         Release\shader.obj
         Release\Utility.obj
         Generating code
         Finished generating code
         Application.vcxproj -> G:\Game Development Stuff\Computer Graphics\Assignemnt03_UI\DM2122_Framework\Release\Application.exe
     1>Done Building Project "G:\Game Development Stuff\Computer Graphics\Assignemnt03_UI\DM2122_Framework\Application\Application.vcxproj" (Build target(s)).

Build succeeded.

Time Elapsed 00:00:06.99
