c:\users\162865w\documents\studio_project_02\studio_project_framework\dm2122_framework\application\debug\vc120.pdb
c:\users\162865w\documents\studio_project_02\studio_project_framework\dm2122_framework\application\debug\vc120.idb
c:\users\162865w\documents\studio_project_02\studio_project_framework\dm2122_framework\application\debug\application.obj
c:\users\162865w\documents\studio_project_02\studio_project_framework\dm2122_framework\application\debug\camera.obj
c:\users\162865w\documents\studio_project_02\studio_project_framework\dm2122_framework\application\debug\camera2.obj
c:\users\162865w\documents\studio_project_02\studio_project_framework\dm2122_framework\application\debug\camera3.obj
c:\users\162865w\documents\studio_project_02\studio_project_framework\dm2122_framework\application\debug\enemyship.obj
c:\users\162865w\documents\studio_project_02\studio_project_framework\dm2122_framework\application\debug\item.obj
c:\users\162865w\documents\studio_project_02\studio_project_framework\dm2122_framework\application\debug\loadobj.obj
c:\users\162865w\documents\studio_project_02\studio_project_framework\dm2122_framework\application\debug\loadtga.obj
c:\users\162865w\documents\studio_project_02\studio_project_framework\dm2122_framework\application\debug\main.obj
c:\users\162865w\documents\studio_project_02\studio_project_framework\dm2122_framework\application\debug\mesh.obj
c:\users\162865w\documents\studio_project_02\studio_project_framework\dm2122_framework\application\debug\meshbuilder.obj
c:\users\162865w\documents\studio_project_02\studio_project_framework\dm2122_framework\application\debug\mousecontrol.obj
c:\users\162865w\documents\studio_project_02\studio_project_framework\dm2122_framework\application\debug\playership.obj
c:\users\162865w\documents\studio_project_02\studio_project_framework\dm2122_framework\application\debug\scenemanager.obj
c:\users\162865w\documents\studio_project_02\studio_project_framework\dm2122_framework\application\debug\shader.obj
c:\users\162865w\documents\studio_project_02\studio_project_framework\dm2122_framework\application\debug\ship.obj
c:\users\162865w\documents\studio_project_02\studio_project_framework\dm2122_framework\application\debug\studioproject.obj
c:\users\162865w\documents\studio_project_02\studio_project_framework\dm2122_framework\application\debug\utility.obj
c:\users\162865w\documents\studio_project_02\studio_project_framework\dm2122_framework\application\debug\weapon.obj
c:\users\162865w\documents\studio_project_02\studio_project_framework\dm2122_framework\application\debug\mithril.obj
c:\users\162865w\documents\studio_project_02\studio_project_framework\dm2122_framework\application\debug\rock.obj
c:\users\162865w\documents\studio_project_02\studio_project_framework\dm2122_framework\application\debug\tree.obj
c:\users\162865w\documents\studio_project_02\studio_project_framework\dm2122_framework\application\debug\gameobject.obj
c:\users\162865w\documents\studio_project_02\studio_project_framework\dm2122_framework\debug\application.ilk
c:\users\162865w\documents\studio_project_02\studio_project_framework\dm2122_framework\debug\application.exe
c:\users\162865w\documents\studio_project_02\studio_project_framework\dm2122_framework\debug\application.pdb
c:\users\162865w\documents\studio_project_02\studio_project_framework\dm2122_framework\application\debug\application.tlog\cl.command.1.tlog
c:\users\162865w\documents\studio_project_02\studio_project_framework\dm2122_framework\application\debug\application.tlog\cl.read.1.tlog
c:\users\162865w\documents\studio_project_02\studio_project_framework\dm2122_framework\application\debug\application.tlog\cl.write.1.tlog
c:\users\162865w\documents\studio_project_02\studio_project_framework\dm2122_framework\application\debug\application.tlog\link.command.1.tlog
c:\users\162865w\documents\studio_project_02\studio_project_framework\dm2122_framework\application\debug\application.tlog\link.read.1.tlog
c:\users\162865w\documents\studio_project_02\studio_project_framework\dm2122_framework\application\debug\application.tlog\link.write.1.tlog
