g:\game development stuff\computer graphics\assignemnt03_ui\dm2122_framework\application\debug\vc120.pdb
g:\game development stuff\computer graphics\assignemnt03_ui\dm2122_framework\application\debug\vc120.idb
g:\game development stuff\computer graphics\assignemnt03_ui\dm2122_framework\application\debug\sceneskybox.obj
g:\game development stuff\computer graphics\assignemnt03_ui\dm2122_framework\application\debug\application.obj
g:\game development stuff\computer graphics\assignemnt03_ui\dm2122_framework\application\debug\camera.obj
g:\game development stuff\computer graphics\assignemnt03_ui\dm2122_framework\application\debug\camera2.obj
g:\game development stuff\computer graphics\assignemnt03_ui\dm2122_framework\application\debug\camera3.obj
g:\game development stuff\computer graphics\assignemnt03_ui\dm2122_framework\application\debug\loadobj.obj
g:\game development stuff\computer graphics\assignemnt03_ui\dm2122_framework\application\debug\loadtga.obj
g:\game development stuff\computer graphics\assignemnt03_ui\dm2122_framework\application\debug\main.obj
g:\game development stuff\computer graphics\assignemnt03_ui\dm2122_framework\application\debug\mesh.obj
g:\game development stuff\computer graphics\assignemnt03_ui\dm2122_framework\application\debug\meshbuilder.obj
g:\game development stuff\computer graphics\assignemnt03_ui\dm2122_framework\application\debug\shader.obj
g:\game development stuff\computer graphics\assignemnt03_ui\dm2122_framework\application\debug\utility.obj
g:\game development stuff\computer graphics\assignemnt03_ui\dm2122_framework\debug\application.pdb
g:\game development stuff\computer graphics\assignemnt03_ui\dm2122_framework\debug\application.exe
g:\game development stuff\computer graphics\assignemnt03_ui\dm2122_framework\debug\application.ilk
g:\game development stuff\computer graphics\assignemnt03_ui\dm2122_framework\application\debug\application.tlog\cl.read.1.tlog
g:\game development stuff\computer graphics\assignemnt03_ui\dm2122_framework\application\debug\application.tlog\link.read.1.tlog
g:\game development stuff\computer graphics\assignemnt03_ui\dm2122_framework\application\debug\application.tlog\cl.write.1.tlog
g:\game development stuff\computer graphics\assignemnt03_ui\dm2122_framework\application\debug\application.tlog\cl.command.1.tlog
g:\game development stuff\computer graphics\assignemnt03_ui\dm2122_framework\application\debug\application.tlog\link.command.1.tlog
g:\game development stuff\computer graphics\assignemnt03_ui\dm2122_framework\application\debug\application.tlog\link.write.1.tlog
