<<<<<<< HEAD
﻿Build started 2/13/2017 10:53:42 AM.
     1>Project "C:\Users\161996y\Documents\Studio_Project_02\Studio_Project_Framework\DM2122_Framework\Common\Common.vcxproj" on node 2 (Build target(s)).
     1>ClCompile:
         C:\Program Files (x86)\Microsoft Visual Studio 12.0\VC\bin\CL.exe /c /ZI /nologo /W3 /WX- /Od /Oy- /D WIN32 /D _DEBUG /D _LIB /D _UNICODE /D UNICODE /Gm /EHsc /RTC1 /MDd /GS /fp:precise /Zc:wchar_t /Zc:forScope /Fo"Debug\\" /Fd"Debug\vc120.pdb" /Gd /TP /analyze- /errorReport:prompt Source\MatrixStack.cpp Source\Mtx44.cpp Source\timer.cpp Source\Vector3.cpp
         Vector3.cpp
         timer.cpp
         Mtx44.cpp
         MatrixStack.cpp
         Generating Code...
       Lib:
         C:\Program Files (x86)\Microsoft Visual Studio 12.0\VC\bin\Lib.exe /OUT:"C:\Users\161996y\Documents\Studio_Project_02\Studio_Project_Framework\DM2122_Framework\Debug\Common.lib" /NOLOGO Debug\MatrixStack.obj
         Debug\Mtx44.obj
         Debug\timer.obj
         Debug\Vector3.obj
         Common.vcxproj -> C:\Users\161996y\Documents\Studio_Project_02\Studio_Project_Framework\DM2122_Framework\Debug\Common.lib
     1>Done Building Project "C:\Users\161996y\Documents\Studio_Project_02\Studio_Project_Framework\DM2122_Framework\Common\Common.vcxproj" (Build target(s)).

Build succeeded.

Time Elapsed 00:00:01.82
=======
﻿Build started 2/13/2017 9:43:57 AM.
     1>Project "C:\Users\161692W\Desktop\Studio_Project_02\Studio_Project_Framework\DM2122_Framework\Common\Common.vcxproj" on node 2 (Build target(s)).
     1>Lib:
         Common.vcxproj -> C:\Users\161692W\Desktop\Studio_Project_02\Studio_Project_Framework\DM2122_Framework\Debug\Common.lib
     1>Done Building Project "C:\Users\161692W\Desktop\Studio_Project_02\Studio_Project_Framework\DM2122_Framework\Common\Common.vcxproj" (Build target(s)).

Build succeeded.

Time Elapsed 00:00:00.03
>>>>>>> 1d73ec71ba7365c3f4ff345898faf9f21c778210
